<?xml version="1.0" encoding="UTF-8"?>
<testsuite xmlns:xsi="http://www.w3.org/2001/XMLSchema-instance" xsi:noNamespaceSchemaLocation="https://maven.apache.org/surefire/maven-surefire-plugin/xsd/surefire-test-report-3.0.xsd" version="3.0" name="TestSuite" time="15.61" tests="16" errors="0" skipped="0" failures="0">
  <properties>
    <property name="sun.desktop" value="windows"/>
    <property name="awt.toolkit" value="sun.awt.windows.WToolkit"/>
    <property name="file.encoding.pkg" value="sun.io"/>
    <property name="java.specification.version" value="1.8"/>
    <property name="sun.cpu.isalist" value="amd64"/>
    <property name="sun.jnu.encoding" value="Cp1252"/>
    <property name="java.class.path" value="C:\gbsathi\videoGameProject\target\test-classes;C:\gbsathi\videoGameProject\target\classes;C:\Users\Sumanth Reddy\.m2\repository\io\rest-assured\rest-assured\4.5.1\rest-assured-4.5.1.jar;C:\Users\Sumanth Reddy\.m2\repository\org\codehaus\groovy\groovy\3.0.9\groovy-3.0.9.jar;C:\Users\Sumanth Reddy\.m2\repository\org\codehaus\groovy\groovy-xml\3.0.9\groovy-xml-3.0.9.jar;C:\Users\Sumanth Reddy\.m2\repository\org\apache\httpcomponents\httpclient\4.5.13\httpclient-4.5.13.jar;C:\Users\Sumanth Reddy\.m2\repository\org\apache\httpcomponents\httpcore\4.4.13\httpcore-4.4.13.jar;C:\Users\Sumanth Reddy\.m2\repository\commons-logging\commons-logging\1.2\commons-logging-1.2.jar;C:\Users\Sumanth Reddy\.m2\repository\org\apache\httpcomponents\httpmime\4.5.13\httpmime-4.5.13.jar;C:\Users\Sumanth Reddy\.m2\repository\org\hamcrest\hamcrest\2.1\hamcrest-2.1.jar;C:\Users\Sumanth Reddy\.m2\repository\org\ccil\cowan\tagsoup\tagsoup\1.2.1\tagsoup-1.2.1.jar;C:\Users\Sumanth Reddy\.m2\repository\io\rest-assured\json-schema-validator\4.5.1\json-schema-validator-4.5.1.jar;C:\Users\Sumanth Reddy\.m2\repository\com\github\java-json-tools\json-schema-validator\2.2.14\json-schema-validator-2.2.14.jar;C:\Users\Sumanth Reddy\.m2\repository\com\google\guava\guava\28.2-android\guava-28.2-android.jar;C:\Users\Sumanth Reddy\.m2\repository\com\google\guava\failureaccess\1.0.1\failureaccess-1.0.1.jar;C:\Users\Sumanth Reddy\.m2\repository\com\google\guava\listenablefuture\9999.0-empty-to-avoid-conflict-with-guava\listenablefuture-9999.0-empty-to-avoid-conflict-with-guava.jar;C:\Users\Sumanth Reddy\.m2\repository\org\checkerframework\checker-compat-qual\2.5.5\checker-compat-qual-2.5.5.jar;C:\Users\Sumanth Reddy\.m2\repository\com\google\errorprone\error_prone_annotations\2.3.4\error_prone_annotations-2.3.4.jar;C:\Users\Sumanth Reddy\.m2\repository\com\google\j2objc\j2objc-annotations\1.3\j2objc-annotations-1.3.jar;C:\Users\Sumanth Reddy\.m2\repository\com\github\java-json-tools\jackson-coreutils-equivalence\1.0\jackson-coreutils-equivalence-1.0.jar;C:\Users\Sumanth Reddy\.m2\repository\com\github\java-json-tools\jackson-coreutils\2.0\jackson-coreutils-2.0.jar;C:\Users\Sumanth Reddy\.m2\repository\com\github\java-json-tools\msg-simple\1.2\msg-simple-1.2.jar;C:\Users\Sumanth Reddy\.m2\repository\com\github\java-json-tools\btf\1.3\btf-1.3.jar;C:\Users\Sumanth Reddy\.m2\repository\com\github\java-json-tools\json-schema-core\1.2.14\json-schema-core-1.2.14.jar;C:\Users\Sumanth Reddy\.m2\repository\com\github\java-json-tools\uri-template\0.10\uri-template-0.10.jar;C:\Users\Sumanth Reddy\.m2\repository\org\mozilla\rhino\1.7.7.2\rhino-1.7.7.2.jar;C:\Users\Sumanth Reddy\.m2\repository\com\sun\mail\mailapi\1.6.2\mailapi-1.6.2.jar;C:\Users\Sumanth Reddy\.m2\repository\joda-time\joda-time\2.10.5\joda-time-2.10.5.jar;C:\Users\Sumanth Reddy\.m2\repository\com\googlecode\libphonenumber\libphonenumber\8.11.1\libphonenumber-8.11.1.jar;C:\Users\Sumanth Reddy\.m2\repository\net\sf\jopt-simple\jopt-simple\5.0.4\jopt-simple-5.0.4.jar;C:\Users\Sumanth Reddy\.m2\repository\io\rest-assured\json-path\4.5.1\json-path-4.5.1.jar;C:\Users\Sumanth Reddy\.m2\repository\org\codehaus\groovy\groovy-json\3.0.9\groovy-json-3.0.9.jar;C:\Users\Sumanth Reddy\.m2\repository\io\rest-assured\rest-assured-common\4.5.1\rest-assured-common-4.5.1.jar;C:\Users\Sumanth Reddy\.m2\repository\io\rest-assured\xml-path\4.5.1\xml-path-4.5.1.jar;C:\Users\Sumanth Reddy\.m2\repository\org\apache\commons\commons-lang3\3.11\commons-lang3-3.11.jar;C:\Users\Sumanth Reddy\.m2\repository\org\testng\testng\7.5\testng-7.5.jar;C:\Users\Sumanth Reddy\.m2\repository\com\google\code\findbugs\jsr305\3.0.1\jsr305-3.0.1.jar;C:\Users\Sumanth Reddy\.m2\repository\org\slf4j\slf4j-api\1.7.32\slf4j-api-1.7.32.jar;C:\Users\Sumanth Reddy\.m2\repository\com\beust\jcommander\1.78\jcommander-1.78.jar;C:\Users\Sumanth Reddy\.m2\repository\org\webjars\jquery\3.5.1\jquery-3.5.1.jar;C:\Users\Sumanth Reddy\.m2\repository\org\hamcrest\java-hamcrest\2.0.0.0\java-hamcrest-2.0.0.0.jar;C:\Users\Sumanth Reddy\.m2\repository\org\hamcrest\hamcrest-core\2.2\hamcrest-core-2.2.jar;C:\Users\Sumanth Reddy\.m2\repository\org\hamcrest\hamcrest-library\2.2\hamcrest-library-2.2.jar;C:\Users\Sumanth Reddy\.m2\repository\com\fasterxml\jackson\core\jackson-core\2.13.2\jackson-core-2.13.2.jar;C:\Users\Sumanth Reddy\.m2\repository\com\fasterxml\jackson\core\jackson-databind\2.13.2\jackson-databind-2.13.2.jar;C:\Users\Sumanth Reddy\.m2\repository\com\fasterxml\jackson\core\jackson-annotations\2.13.2\jackson-annotations-2.13.2.jar;C:\Users\Sumanth Reddy\.m2\repository\com\google\code\gson\gson\2.9.0\gson-2.9.0.jar;C:\Users\Sumanth Reddy\.m2\repository\javax\xml\bind\jaxb-api\2.3.0\jaxb-api-2.3.0.jar;C:\Users\Sumanth Reddy\.m2\repository\javax\activation\activation\1.1.1\activation-1.1.1.jar;C:\Users\Sumanth Reddy\.m2\repository\org\codehaus\groovy\groovy-ant\3.0.10\groovy-ant-3.0.10.jar;C:\Users\Sumanth Reddy\.m2\repository\org\apache\ant\ant\1.10.12\ant-1.10.12.jar;C:\Users\Sumanth Reddy\.m2\repository\org\apache\ant\ant-junit\1.10.12\ant-junit-1.10.12.jar;C:\Program Files\Java\jdk1.8.0_321\jre\..\lib\tools.jar;C:\Users\Sumanth Reddy\.m2\repository\org\apache\ant\ant-launcher\1.10.12\ant-launcher-1.10.12.jar;C:\Users\Sumanth Reddy\.m2\repository\org\apache\ant\ant-antlr\1.10.12\ant-antlr-1.10.12.jar;C:\Users\Sumanth Reddy\.m2\repository\org\codehaus\groovy\groovy-astbuilder\3.0.10\groovy-astbuilder-3.0.10.jar;C:\Users\Sumanth Reddy\.m2\repository\org\codehaus\groovy\groovy-cli-picocli\3.0.10\groovy-cli-picocli-3.0.10.jar;C:\Users\Sumanth Reddy\.m2\repository\info\picocli\picocli\4.6.1\picocli-4.6.1.jar;C:\Users\Sumanth Reddy\.m2\repository\org\codehaus\groovy\groovy-console\3.0.10\groovy-console-3.0.10.jar;C:\Users\Sumanth Reddy\.m2\repository\org\codehaus\groovy\groovy-datetime\3.0.10\groovy-datetime-3.0.10.jar;C:\Users\Sumanth Reddy\.m2\repository\org\codehaus\groovy\groovy-docgenerator\3.0.10\groovy-docgenerator-3.0.10.jar;C:\Users\Sumanth Reddy\.m2\repository\com\thoughtworks\qdox\qdox\1.12.1\qdox-1.12.1.jar;C:\Users\Sumanth Reddy\.m2\repository\org\codehaus\groovy\groovy-groovydoc\3.0.10\groovy-groovydoc-3.0.10.jar;C:\Users\Sumanth Reddy\.m2\repository\com\github\javaparser\javaparser-core\3.24.0\javaparser-core-3.24.0.jar;C:\Users\Sumanth Reddy\.m2\repository\org\codehaus\groovy\groovy-groovysh\3.0.10\groovy-groovysh-3.0.10.jar;C:\Users\Sumanth Reddy\.m2\repository\jline\jline\2.14.6\jline-2.14.6.jar;C:\Users\Sumanth Reddy\.m2\repository\org\codehaus\groovy\groovy-jmx\3.0.10\groovy-jmx-3.0.10.jar;C:\Users\Sumanth Reddy\.m2\repository\org\codehaus\groovy\groovy-jsr223\3.0.10\groovy-jsr223-3.0.10.jar;C:\Users\Sumanth Reddy\.m2\repository\org\codehaus\groovy\groovy-macro\3.0.10\groovy-macro-3.0.10.jar;C:\Users\Sumanth Reddy\.m2\repository\org\codehaus\groovy\groovy-nio\3.0.10\groovy-nio-3.0.10.jar;C:\Users\Sumanth Reddy\.m2\repository\org\codehaus\groovy\groovy-servlet\3.0.10\groovy-servlet-3.0.10.jar;C:\Users\Sumanth Reddy\.m2\repository\org\codehaus\groovy\groovy-sql\3.0.10\groovy-sql-3.0.10.jar;C:\Users\Sumanth Reddy\.m2\repository\org\codehaus\groovy\groovy-swing\3.0.10\groovy-swing-3.0.10.jar;C:\Users\Sumanth Reddy\.m2\repository\org\codehaus\groovy\groovy-templates\3.0.10\groovy-templates-3.0.10.jar;C:\Users\Sumanth Reddy\.m2\repository\org\codehaus\groovy\groovy-test\3.0.10\groovy-test-3.0.10.jar;C:\Users\Sumanth Reddy\.m2\repository\junit\junit\4.13.2\junit-4.13.2.jar;C:\Users\Sumanth Reddy\.m2\repository\org\codehaus\groovy\groovy-test-junit5\3.0.10\groovy-test-junit5-3.0.10.jar;C:\Users\Sumanth Reddy\.m2\repository\org\junit\jupiter\junit-jupiter-api\5.8.2\junit-jupiter-api-5.8.2.jar;C:\Users\Sumanth Reddy\.m2\repository\org\opentest4j\opentest4j\1.2.0\opentest4j-1.2.0.jar;C:\Users\Sumanth Reddy\.m2\repository\org\junit\platform\junit-platform-launcher\1.8.2\junit-platform-launcher-1.8.2.jar;C:\Users\Sumanth Reddy\.m2\repository\org\junit\platform\junit-platform-engine\1.8.2\junit-platform-engine-1.8.2.jar;C:\Users\Sumanth Reddy\.m2\repository\org\junit\platform\junit-platform-commons\1.8.2\junit-platform-commons-1.8.2.jar;C:\Users\Sumanth Reddy\.m2\repository\org\junit\jupiter\junit-jupiter-engine\5.8.2\junit-jupiter-engine-5.8.2.jar;C:\Users\Sumanth Reddy\.m2\repository\org\codehaus\groovy\groovy-testng\3.0.10\groovy-testng-3.0.10.jar;C:\Users\Sumanth Reddy\.m2\repository\org\apache\poi\poi\5.2.1\poi-5.2.1.jar;C:\Users\Sumanth Reddy\.m2\repository\commons-codec\commons-codec\1.15\commons-codec-1.15.jar;C:\Users\Sumanth Reddy\.m2\repository\org\apache\commons\commons-collections4\4.4\commons-collections4-4.4.jar;C:\Users\Sumanth Reddy\.m2\repository\org\apache\commons\commons-math3\3.6.1\commons-math3-3.6.1.jar;C:\Users\Sumanth Reddy\.m2\repository\commons-io\commons-io\2.11.0\commons-io-2.11.0.jar;C:\Users\Sumanth Reddy\.m2\repository\com\zaxxer\SparseBitSet\1.2\SparseBitSet-1.2.jar;C:\Users\Sumanth Reddy\.m2\repository\org\apache\logging\log4j\log4j-api\2.17.1\log4j-api-2.17.1.jar;C:\Users\Sumanth Reddy\.m2\repository\org\apache\poi\poi-ooxml\5.2.1\poi-ooxml-5.2.1.jar;C:\Users\Sumanth Reddy\.m2\repository\org\apache\poi\poi-ooxml-lite\5.2.1\poi-ooxml-lite-5.2.1.jar;C:\Users\Sumanth Reddy\.m2\repository\org\apache\xmlbeans\xmlbeans\5.0.3\xmlbeans-5.0.3.jar;C:\Users\Sumanth Reddy\.m2\repository\xml-apis\xml-apis\1.4.01\xml-apis-1.4.01.jar;C:\Users\Sumanth Reddy\.m2\repository\org\apache\commons\commons-compress\1.21\commons-compress-1.21.jar;C:\Users\Sumanth Reddy\.m2\repository\com\github\virtuald\curvesapi\1.07\curvesapi-1.07.jar;"/>
    <property name="java.vm.vendor" value="Oracle Corporation"/>
    <property name="sun.arch.data.model" value="64"/>
    <property name="user.variant" value=""/>
    <property name="java.vendor.url" value="http://java.oracle.com/"/>
    <property name="user.timezone" value="Asia/Calcutta"/>
    <property name="java.vm.specification.version" value="1.8"/>
    <property name="os.name" value="Windows 10"/>
    <property name="user.country" value="US"/>
    <property name="sun.java.launcher" value="SUN_STANDARD"/>
    <property name="sun.boot.library.path" value="C:\Program Files\Java\jdk1.8.0_321\jre\bin"/>
    <property name="sun.java.command" value="C:\Users\Sumanth Reddy\AppData\Local\Temp\surefire4030859102608635502\surefirebooter5676486357460863336.jar C:\Users\Sumanth Reddy\AppData\Local\Temp\surefire4030859102608635502 2022-05-17T11-59-05_871-jvmRun1 surefire1846629545826971655tmp surefire_04503138892680806479tmp"/>
    <property name="surefire.test.class.path" value="C:\gbsathi\videoGameProject\target\test-classes;C:\gbsathi\videoGameProject\target\classes;C:\Users\Sumanth Reddy\.m2\repository\io\rest-assured\rest-assured\4.5.1\rest-assured-4.5.1.jar;C:\Users\Sumanth Reddy\.m2\repository\org\codehaus\groovy\groovy\3.0.9\groovy-3.0.9.jar;C:\Users\Sumanth Reddy\.m2\repository\org\codehaus\groovy\groovy-xml\3.0.9\groovy-xml-3.0.9.jar;C:\Users\Sumanth Reddy\.m2\repository\org\apache\httpcomponents\httpclient\4.5.13\httpclient-4.5.13.jar;C:\Users\Sumanth Reddy\.m2\repository\org\apache\httpcomponents\httpcore\4.4.13\httpcore-4.4.13.jar;C:\Users\Sumanth Reddy\.m2\repository\commons-logging\commons-logging\1.2\commons-logging-1.2.jar;C:\Users\Sumanth Reddy\.m2\repository\org\apache\httpcomponents\httpmime\4.5.13\httpmime-4.5.13.jar;C:\Users\Sumanth Reddy\.m2\repository\org\hamcrest\hamcrest\2.1\hamcrest-2.1.jar;C:\Users\Sumanth Reddy\.m2\repository\org\ccil\cowan\tagsoup\tagsoup\1.2.1\tagsoup-1.2.1.jar;C:\Users\Sumanth Reddy\.m2\repository\io\rest-assured\json-schema-validator\4.5.1\json-schema-validator-4.5.1.jar;C:\Users\Sumanth Reddy\.m2\repository\com\github\java-json-tools\json-schema-validator\2.2.14\json-schema-validator-2.2.14.jar;C:\Users\Sumanth Reddy\.m2\repository\com\google\guava\guava\28.2-android\guava-28.2-android.jar;C:\Users\Sumanth Reddy\.m2\repository\com\google\guava\failureaccess\1.0.1\failureaccess-1.0.1.jar;C:\Users\Sumanth Reddy\.m2\repository\com\google\guava\listenablefuture\9999.0-empty-to-avoid-conflict-with-guava\listenablefuture-9999.0-empty-to-avoid-conflict-with-guava.jar;C:\Users\Sumanth Reddy\.m2\repository\org\checkerframework\checker-compat-qual\2.5.5\checker-compat-qual-2.5.5.jar;C:\Users\Sumanth Reddy\.m2\repository\com\google\errorprone\error_prone_annotations\2.3.4\error_prone_annotations-2.3.4.jar;C:\Users\Sumanth Reddy\.m2\repository\com\google\j2objc\j2objc-annotations\1.3\j2objc-annotations-1.3.jar;C:\Users\Sumanth Reddy\.m2\repository\com\github\java-json-tools\jackson-coreutils-equivalence\1.0\jackson-coreutils-equivalence-1.0.jar;C:\Users\Sumanth Reddy\.m2\repository\com\github\java-json-tools\jackson-coreutils\2.0\jackson-coreutils-2.0.jar;C:\Users\Sumanth Reddy\.m2\repository\com\github\java-json-tools\msg-simple\1.2\msg-simple-1.2.jar;C:\Users\Sumanth Reddy\.m2\repository\com\github\java-json-tools\btf\1.3\btf-1.3.jar;C:\Users\Sumanth Reddy\.m2\repository\com\github\java-json-tools\json-schema-core\1.2.14\json-schema-core-1.2.14.jar;C:\Users\Sumanth Reddy\.m2\repository\com\github\java-json-tools\uri-template\0.10\uri-template-0.10.jar;C:\Users\Sumanth Reddy\.m2\repository\org\mozilla\rhino\1.7.7.2\rhino-1.7.7.2.jar;C:\Users\Sumanth Reddy\.m2\repository\com\sun\mail\mailapi\1.6.2\mailapi-1.6.2.jar;C:\Users\Sumanth Reddy\.m2\repository\joda-time\joda-time\2.10.5\joda-time-2.10.5.jar;C:\Users\Sumanth Reddy\.m2\repository\com\googlecode\libphonenumber\libphonenumber\8.11.1\libphonenumber-8.11.1.jar;C:\Users\Sumanth Reddy\.m2\repository\net\sf\jopt-simple\jopt-simple\5.0.4\jopt-simple-5.0.4.jar;C:\Users\Sumanth Reddy\.m2\repository\io\rest-assured\json-path\4.5.1\json-path-4.5.1.jar;C:\Users\Sumanth Reddy\.m2\repository\org\codehaus\groovy\groovy-json\3.0.9\groovy-json-3.0.9.jar;C:\Users\Sumanth Reddy\.m2\repository\io\rest-assured\rest-assured-common\4.5.1\rest-assured-common-4.5.1.jar;C:\Users\Sumanth Reddy\.m2\repository\io\rest-assured\xml-path\4.5.1\xml-path-4.5.1.jar;C:\Users\Sumanth Reddy\.m2\repository\org\apache\commons\commons-lang3\3.11\commons-lang3-3.11.jar;C:\Users\Sumanth Reddy\.m2\repository\org\testng\testng\7.5\testng-7.5.jar;C:\Users\Sumanth Reddy\.m2\repository\com\google\code\findbugs\jsr305\3.0.1\jsr305-3.0.1.jar;C:\Users\Sumanth Reddy\.m2\repository\org\slf4j\slf4j-api\1.7.32\slf4j-api-1.7.32.jar;C:\Users\Sumanth Reddy\.m2\repository\com\beust\jcommander\1.78\jcommander-1.78.jar;C:\Users\Sumanth Reddy\.m2\repository\org\webjars\jquery\3.5.1\jquery-3.5.1.jar;C:\Users\Sumanth Reddy\.m2\repository\org\hamcrest\java-hamcrest\2.0.0.0\java-hamcrest-2.0.0.0.jar;C:\Users\Sumanth Reddy\.m2\repository\org\hamcrest\hamcrest-core\2.2\hamcrest-core-2.2.jar;C:\Users\Sumanth Reddy\.m2\repository\org\hamcrest\hamcrest-library\2.2\hamcrest-library-2.2.jar;C:\Users\Sumanth Reddy\.m2\repository\com\fasterxml\jackson\core\jackson-core\2.13.2\jackson-core-2.13.2.jar;C:\Users\Sumanth Reddy\.m2\repository\com\fasterxml\jackson\core\jackson-databind\2.13.2\jackson-databind-2.13.2.jar;C:\Users\Sumanth Reddy\.m2\repository\com\fasterxml\jackson\core\jackson-annotations\2.13.2\jackson-annotations-2.13.2.jar;C:\Users\Sumanth Reddy\.m2\repository\com\google\code\gson\gson\2.9.0\gson-2.9.0.jar;C:\Users\Sumanth Reddy\.m2\repository\javax\xml\bind\jaxb-api\2.3.0\jaxb-api-2.3.0.jar;C:\Users\Sumanth Reddy\.m2\repository\javax\activation\activation\1.1.1\activation-1.1.1.jar;C:\Users\Sumanth Reddy\.m2\repository\org\codehaus\groovy\groovy-ant\3.0.10\groovy-ant-3.0.10.jar;C:\Users\Sumanth Reddy\.m2\repository\org\apache\ant\ant\1.10.12\ant-1.10.12.jar;C:\Users\Sumanth Reddy\.m2\repository\org\apache\ant\ant-junit\1.10.12\ant-junit-1.10.12.jar;C:\Program Files\Java\jdk1.8.0_321\jre\..\lib\tools.jar;C:\Users\Sumanth Reddy\.m2\repository\org\apache\ant\ant-launcher\1.10.12\ant-launcher-1.10.12.jar;C:\Users\Sumanth Reddy\.m2\repository\org\apache\ant\ant-antlr\1.10.12\ant-antlr-1.10.12.jar;C:\Users\Sumanth Reddy\.m2\repository\org\codehaus\groovy\groovy-astbuilder\3.0.10\groovy-astbuilder-3.0.10.jar;C:\Users\Sumanth Reddy\.m2\repository\org\codehaus\groovy\groovy-cli-picocli\3.0.10\groovy-cli-picocli-3.0.10.jar;C:\Users\Sumanth Reddy\.m2\repository\info\picocli\picocli\4.6.1\picocli-4.6.1.jar;C:\Users\Sumanth Reddy\.m2\repository\org\codehaus\groovy\groovy-console\3.0.10\groovy-console-3.0.10.jar;C:\Users\Sumanth Reddy\.m2\repository\org\codehaus\groovy\groovy-datetime\3.0.10\groovy-datetime-3.0.10.jar;C:\Users\Sumanth Reddy\.m2\repository\org\codehaus\groovy\groovy-docgenerator\3.0.10\groovy-docgenerator-3.0.10.jar;C:\Users\Sumanth Reddy\.m2\repository\com\thoughtworks\qdox\qdox\1.12.1\qdox-1.12.1.jar;C:\Users\Sumanth Reddy\.m2\repository\org\codehaus\groovy\groovy-groovydoc\3.0.10\groovy-groovydoc-3.0.10.jar;C:\Users\Sumanth Reddy\.m2\repository\com\github\javaparser\javaparser-core\3.24.0\javaparser-core-3.24.0.jar;C:\Users\Sumanth Reddy\.m2\repository\org\codehaus\groovy\groovy-groovysh\3.0.10\groovy-groovysh-3.0.10.jar;C:\Users\Sumanth Reddy\.m2\repository\jline\jline\2.14.6\jline-2.14.6.jar;C:\Users\Sumanth Reddy\.m2\repository\org\codehaus\groovy\groovy-jmx\3.0.10\groovy-jmx-3.0.10.jar;C:\Users\Sumanth Reddy\.m2\repository\org\codehaus\groovy\groovy-jsr223\3.0.10\groovy-jsr223-3.0.10.jar;C:\Users\Sumanth Reddy\.m2\repository\org\codehaus\groovy\groovy-macro\3.0.10\groovy-macro-3.0.10.jar;C:\Users\Sumanth Reddy\.m2\repository\org\codehaus\groovy\groovy-nio\3.0.10\groovy-nio-3.0.10.jar;C:\Users\Sumanth Reddy\.m2\repository\org\codehaus\groovy\groovy-servlet\3.0.10\groovy-servlet-3.0.10.jar;C:\Users\Sumanth Reddy\.m2\repository\org\codehaus\groovy\groovy-sql\3.0.10\groovy-sql-3.0.10.jar;C:\Users\Sumanth Reddy\.m2\repository\org\codehaus\groovy\groovy-swing\3.0.10\groovy-swing-3.0.10.jar;C:\Users\Sumanth Reddy\.m2\repository\org\codehaus\groovy\groovy-templates\3.0.10\groovy-templates-3.0.10.jar;C:\Users\Sumanth Reddy\.m2\repository\org\codehaus\groovy\groovy-test\3.0.10\groovy-test-3.0.10.jar;C:\Users\Sumanth Reddy\.m2\repository\junit\junit\4.13.2\junit-4.13.2.jar;C:\Users\Sumanth Reddy\.m2\repository\org\codehaus\groovy\groovy-test-junit5\3.0.10\groovy-test-junit5-3.0.10.jar;C:\Users\Sumanth Reddy\.m2\repository\org\junit\jupiter\junit-jupiter-api\5.8.2\junit-jupiter-api-5.8.2.jar;C:\Users\Sumanth Reddy\.m2\repository\org\opentest4j\opentest4j\1.2.0\opentest4j-1.2.0.jar;C:\Users\Sumanth Reddy\.m2\repository\org\junit\platform\junit-platform-launcher\1.8.2\junit-platform-launcher-1.8.2.jar;C:\Users\Sumanth Reddy\.m2\repository\org\junit\platform\junit-platform-engine\1.8.2\junit-platform-engine-1.8.2.jar;C:\Users\Sumanth Reddy\.m2\repository\org\junit\platform\junit-platform-commons\1.8.2\junit-platform-commons-1.8.2.jar;C:\Users\Sumanth Reddy\.m2\repository\org\junit\jupiter\junit-jupiter-engine\5.8.2\junit-jupiter-engine-5.8.2.jar;C:\Users\Sumanth Reddy\.m2\repository\org\codehaus\groovy\groovy-testng\3.0.10\groovy-testng-3.0.10.jar;C:\Users\Sumanth Reddy\.m2\repository\org\apache\poi\poi\5.2.1\poi-5.2.1.jar;C:\Users\Sumanth Reddy\.m2\repository\commons-codec\commons-codec\1.15\commons-codec-1.15.jar;C:\Users\Sumanth Reddy\.m2\repository\org\apache\commons\commons-collections4\4.4\commons-collections4-4.4.jar;C:\Users\Sumanth Reddy\.m2\repository\org\apache\commons\commons-math3\3.6.1\commons-math3-3.6.1.jar;C:\Users\Sumanth Reddy\.m2\repository\commons-io\commons-io\2.11.0\commons-io-2.11.0.jar;C:\Users\Sumanth Reddy\.m2\repository\com\zaxxer\SparseBitSet\1.2\SparseBitSet-1.2.jar;C:\Users\Sumanth Reddy\.m2\repository\org\apache\logging\log4j\log4j-api\2.17.1\log4j-api-2.17.1.jar;C:\Users\Sumanth Reddy\.m2\repository\org\apache\poi\poi-ooxml\5.2.1\poi-ooxml-5.2.1.jar;C:\Users\Sumanth Reddy\.m2\repository\org\apache\poi\poi-ooxml-lite\5.2.1\poi-ooxml-lite-5.2.1.jar;C:\Users\Sumanth Reddy\.m2\repository\org\apache\xmlbeans\xmlbeans\5.0.3\xmlbeans-5.0.3.jar;C:\Users\Sumanth Reddy\.m2\repository\xml-apis\xml-apis\1.4.01\xml-apis-1.4.01.jar;C:\Users\Sumanth Reddy\.m2\repository\org\apache\commons\commons-compress\1.21\commons-compress-1.21.jar;C:\Users\Sumanth Reddy\.m2\repository\com\github\virtuald\curvesapi\1.07\curvesapi-1.07.jar;"/>
    <property name="sun.cpu.endian" value="little"/>
    <property name="user.home" value="C:\Users\Sumanth Reddy"/>
    <property name="user.language" value="en"/>
    <property name="java.specification.vendor" value="Oracle Corporation"/>
    <property name="java.home" value="C:\Program Files\Java\jdk1.8.0_321\jre"/>
    <property name="basedir" value="C:\gbsathi\videoGameProject"/>
    <property name="file.separator" value="\"/>
    <property name="line.separator" value="&#10;"/>
    <property name="java.vm.specification.vendor" value="Oracle Corporation"/>
    <property name="java.specification.name" value="Java Platform API Specification"/>
    <property name="java.awt.graphicsenv" value="sun.awt.Win32GraphicsEnvironment"/>
    <property name="surefire.real.class.path" value="C:\Users\Sumanth Reddy\AppData\Local\Temp\surefire4030859102608635502\surefirebooter5676486357460863336.jar"/>
    <property name="sun.boot.class.path" value="C:\Program Files\Java\jdk1.8.0_321\jre\lib\resources.jar;C:\Program Files\Java\jdk1.8.0_321\jre\lib\rt.jar;C:\Program Files\Java\jdk1.8.0_321\jre\lib\sunrsasign.jar;C:\Program Files\Java\jdk1.8.0_321\jre\lib\jsse.jar;C:\Program Files\Java\jdk1.8.0_321\jre\lib\jce.jar;C:\Program Files\Java\jdk1.8.0_321\jre\lib\charsets.jar;C:\Program Files\Java\jdk1.8.0_321\jre\lib\jfr.jar;C:\Program Files\Java\jdk1.8.0_321\jre\classes"/>
    <property name="user.script" value=""/>
    <property name="sun.management.compiler" value="HotSpot 64-Bit Tiered Compilers"/>
    <property name="java.runtime.version" value="1.8.0_321-b07"/>
    <property name="user.name" value="Sumanth Reddy"/>
    <property name="path.separator" value=";"/>
    <property name="os.version" value="10.0"/>
    <property name="java.endorsed.dirs" value="C:\Program Files\Java\jdk1.8.0_321\jre\lib\endorsed"/>
    <property name="java.runtime.name" value="Java(TM) SE Runtime Environment"/>
    <property name="file.encoding" value="Cp1252"/>
    <property name="java.vm.name" value="Java HotSpot(TM) 64-Bit Server VM"/>
    <property name="localRepository" value="C:\Users\Sumanth Reddy\.m2\repository"/>
    <property name="java.vendor.url.bug" value="http://bugreport.sun.com/bugreport/"/>
    <property name="java.io.tmpdir" value="C:\Users\SUMANT~1\AppData\Local\Temp\"/>
    <property name="java.version" value="1.8.0_321"/>
    <property name="user.dir" value="C:\gbsathi\videoGameProject"/>
    <property name="os.arch" value="amd64"/>
    <property name="java.vm.specification.name" value="Java Virtual Machine Specification"/>
    <property name="java.awt.printerjob" value="sun.awt.windows.WPrinterJob"/>
    <property name="sun.os.patch.level" value=""/>
    <property name="java.library.path" value="C:\Program Files\Java\jdk1.8.0_321\jre\bin;C:\WINDOWS\Sun\Java\bin;C:\WINDOWS\system32;C:\WINDOWS;C:\Program Files (x86)\Common Files\Oracle\Java\javapath;C:\WINDOWS\system32;C:\WINDOWS;C:\WINDOWS\System32\Wbem;C:\WINDOWS\System32\WindowsPowerShell\v1.0\;C:\Users\Sumanth Reddy\Desktop\code\runtime\win64;C:\Users\Sumanth Reddy\Desktop\code\bin;C:\Users\Sumanth Reddy\Desktop\seminar\runtime\win64;C:\Users\Sumanth Reddy\Desktop\seminar\bin;C:\Program Files\MATLAB\R2011a\runtime\win64;C:\Program Files\MATLAB\R2011a\bin;C:\WINDOWS\System32\OpenSSH\;C:\apache-maven-3.8.4\bin;C:\Program Files\Git\cmd;C:\Program Files\nodejs\;C:\Program Files\nodejs\node_modules\npm\bin;C:\Program Files\Java\jdk1.8.0_321\bin;C:\gradle-7.4.2-all\gradle-7.4.2\bin;C:\Users\Sumanth Reddy\AppData\Local\Microsoft\WindowsApps;C:\Users\Sumanth Reddy\AppData\Roaming\npm;."/>
    <property name="java.vm.info" value="mixed mode"/>
    <property name="java.vendor" value="Oracle Corporation"/>
    <property name="java.vm.version" value="25.321-b07"/>
    <property name="java.ext.dirs" value="C:\Program Files\Java\jdk1.8.0_321\jre\lib\ext;C:\WINDOWS\Sun\Java\lib\ext"/>
    <property name="sun.io.unicode.encoding" value="UnicodeLittle"/>
    <property name="java.class.version" value="52.0"/>
  </properties>
  <testcase name="test_getAllVideoGames" classname="testCases.TC_VideoGameAPI_Tests" time="5.411"/>
  <testcase name="test_addNewVideoGame" classname="testCases.TC_VideoGameAPI_Tests" time="1.066"/>
  <testcase name="test_getVideoGame" classname="testCases.TC_VideoGameAPI_Tests" time="1.625"/>
  <testcase name="test_UpdateVideoGame" classname="testCases.TC_VideoGameAPI_Tests" time="0.182"/>
  <testcase name="test_DeleteVideoGame" classname="testCases.TC_VideoGameAPI_Tests" time="0.093"/>
  <testcase name="test_addNewVideoGame" classname="testCases.TC_Post_VideoGame_DDT" time="0.162"/>
  <testcase name="test_addNewVideoGame" classname="testCases.TC_Post_VideoGame_DDT" time="0.034"/>
  <testcase name="test_addNewVideoGame" classname="testCases.TC_Post_VideoGame_DDT" time="0.033"/>
  <testcase name="test_addNewVideoGame" classname="testCases.TC_Post_VideoGame_DDT" time="0.031"/>
  <testcase name="test_addNewVideoGame" classname="testCases.TC_Post_VideoGame_DDT" time="0.026"/>
  <testcase name="test_getVideoGame" classname="testCases.TC_Post_VideoGame_DDT" time="0.129"/>
  <testcase name="test_getVideoGame" classname="testCases.TC_Post_VideoGame_DDT" time="0.084"/>
  <testcase name="test_getVideoGame" classname="testCases.TC_Post_VideoGame_DDT" time="0.128"/>
  <testcase name="test_getVideoGame" classname="testCases.TC_Post_VideoGame_DDT" time="0.075"/>
  <testcase name="test_getVideoGame" classname="testCases.TC_Post_VideoGame_DDT" time="0.119"/>
  <testcase name="test_addNewVideoGame" classname="testCases.TC_Post_VideoGame_Pojo" time="0.373"/>
</testsuite>