<?xml version="1.0" encoding="UTF-8"?>
<!-- Generated by org.testng.reporters.JUnitReportReporter -->
<testsuite hostname="DESKTOP-BPCSJES" failures="0" tests="10" name="testCases.TC_Post_VideoGame_DDT" time="0.786" errors="0" timestamp="2022-05-17T11:48:22 IST" skipped="0">
  <testcase classname="testCases.TC_Post_VideoGame_DDT" name="test_addNewVideoGame" time="0.052"/>
  <system-out/>
  <testcase classname="testCases.TC_Post_VideoGame_DDT" name="test_addNewVideoGame" time="0.155"/>
  <system-out/>
  <testcase classname="testCases.TC_Post_VideoGame_DDT" name="test_addNewVideoGame" time="0.064"/>
  <system-out/>
  <testcase classname="testCases.TC_Post_VideoGame_DDT" name="test_addNewVideoGame" time="0.053"/>
  <system-out/>
  <testcase classname="testCases.TC_Post_VideoGame_DDT" name="test_addNewVideoGame" time="0.043"/>
  <system-out/>
  <testcase classname="testCases.TC_Post_VideoGame_DDT" name="test_getVideoGame" time="0.083"/>
  <system-out/>
  <testcase classname="testCases.TC_Post_VideoGame_DDT" name="test_getVideoGame" time="0.092"/>
  <system-out/>
  <testcase classname="testCases.TC_Post_VideoGame_DDT" name="test_getVideoGame" time="0.073"/>
  <system-out/>
  <testcase classname="testCases.TC_Post_VideoGame_DDT" name="test_getVideoGame" time="0.081"/>
  <system-out/>
  <testcase classname="testCases.TC_Post_VideoGame_DDT" name="test_getVideoGame" time="0.090"/>
  <system-out/>
</testsuite> <!-- testCases.TC_Post_VideoGame_DDT -->
