<?xml version="1.0" encoding="UTF-8"?>
<!-- Generated by org.testng.reporters.JUnitReportReporter -->
<testsuite hostname="DESKTOP-BPCSJES" failures="0" tests="1" name="testCases.TC_Post_VideoGame_Pojo" time="0.078" errors="0" timestamp="2022-05-17T11:48:22 IST" skipped="0">
  <testcase classname="testCases.TC_Post_VideoGame_Pojo" name="test_addNewVideoGame" time="0.078"/>
  <system-out/>
</testsuite> <!-- testCases.TC_Post_VideoGame_Pojo -->
