<?xml version="1.0" encoding="UTF-8"?>
<!-- Generated by org.testng.reporters.JUnitReportReporter -->
<testsuite hostname="DESKTOP-BPCSJES" failures="0" tests="5" name="testCases.TC_VideoGameAPI_Tests" time="11.028" errors="0" timestamp="2022-05-17T11:48:22 IST" skipped="0">
  <testcase classname="testCases.TC_VideoGameAPI_Tests" name="test_getAllVideoGames" time="8.149"/>
  <system-out/>
  <testcase classname="testCases.TC_VideoGameAPI_Tests" name="test_addNewVideoGame" time="1.405"/>
  <system-out/>
  <testcase classname="testCases.TC_VideoGameAPI_Tests" name="test_getVideoGame" time="1.284"/>
  <system-out/>
  <testcase classname="testCases.TC_VideoGameAPI_Tests" name="test_UpdateVideoGame" time="0.127"/>
  <system-out/>
  <testcase classname="testCases.TC_VideoGameAPI_Tests" name="test_DeleteVideoGame" time="0.063"/>
  <system-out/>
</testsuite> <!-- testCases.TC_VideoGameAPI_Tests -->
