<?xml version="1.0" encoding="UTF-8"?>
<!-- Generated by org.testng.reporters.JUnitReportReporter -->
<testsuite skipped="0" hostname="DESKTOP-BPCSJES" name="testCases.TC_VideoGameAPI_Tests" tests="5" failures="0" timestamp="2022-05-17T11:59:25 IST" time="8.353" errors="0">
  <testcase name="test_getAllVideoGames" time="5.403" classname="testCases.TC_VideoGameAPI_Tests"/>
  <system-out/>
  <testcase name="test_addNewVideoGame" time="1.075" classname="testCases.TC_VideoGameAPI_Tests"/>
  <system-out/>
  <testcase name="test_getVideoGame" time="1.626" classname="testCases.TC_VideoGameAPI_Tests"/>
  <system-out/>
  <testcase name="test_UpdateVideoGame" time="0.182" classname="testCases.TC_VideoGameAPI_Tests"/>
  <system-out/>
  <testcase name="test_DeleteVideoGame" time="0.067" classname="testCases.TC_VideoGameAPI_Tests"/>
  <system-out/>
</testsuite> <!-- testCases.TC_VideoGameAPI_Tests -->
