<?xml version="1.0" encoding="UTF-8"?>
<!-- Generated by org.testng.reporters.JUnitReportReporter -->
<testsuite skipped="0" hostname="DESKTOP-BPCSJES" name="testCases.TC_Post_VideoGame_Pojo" tests="1" failures="0" timestamp="2022-05-17T11:59:25 IST" time="0.233" errors="0">
  <testcase name="test_addNewVideoGame" time="0.233" classname="testCases.TC_Post_VideoGame_Pojo"/>
  <system-out/>
</testsuite> <!-- testCases.TC_Post_VideoGame_Pojo -->
