<?xml version="1.0" encoding="UTF-8"?>
<!-- Generated by org.testng.reporters.JUnitReportReporter -->
<testsuite skipped="0" hostname="DESKTOP-BPCSJES" name="testCases.TC_Post_VideoGame_DDT" tests="10" failures="0" timestamp="2022-05-17T11:59:25 IST" time="0.853" errors="0">
  <testcase name="test_addNewVideoGame" time="0.162" classname="testCases.TC_Post_VideoGame_DDT"/>
  <system-out/>
  <testcase name="test_addNewVideoGame" time="0.027" classname="testCases.TC_Post_VideoGame_DDT"/>
  <system-out/>
  <testcase name="test_addNewVideoGame" time="0.038" classname="testCases.TC_Post_VideoGame_DDT"/>
  <system-out/>
  <testcase name="test_addNewVideoGame" time="0.035" classname="testCases.TC_Post_VideoGame_DDT"/>
  <system-out/>
  <testcase name="test_addNewVideoGame" time="0.030" classname="testCases.TC_Post_VideoGame_DDT"/>
  <system-out/>
  <testcase name="test_getVideoGame" time="0.120" classname="testCases.TC_Post_VideoGame_DDT"/>
  <system-out/>
  <testcase name="test_getVideoGame" time="0.151" classname="testCases.TC_Post_VideoGame_DDT"/>
  <system-out/>
  <testcase name="test_getVideoGame" time="0.131" classname="testCases.TC_Post_VideoGame_DDT"/>
  <system-out/>
  <testcase name="test_getVideoGame" time="0.075" classname="testCases.TC_Post_VideoGame_DDT"/>
  <system-out/>
  <testcase name="test_getVideoGame" time="0.084" classname="testCases.TC_Post_VideoGame_DDT"/>
  <system-out/>
</testsuite> <!-- testCases.TC_Post_VideoGame_DDT -->
